Running: C:\Xilinx\14.7\ISE_DS\ISE\bin\nt64\unwrapped\fuse.exe -intstyle ise -incremental -lib unisims_ver -lib unimacro_ver -lib xilinxcorelib_ver -lib secureip -o C:/Users/USER PC/Trabajo/David/Repositorios/work02-captura-datos-0v7670-grupo-02/hdl/test_cam_isim_beh.exe -prj C:/Users/USER PC/Trabajo/David/Repositorios/work02-captura-datos-0v7670-grupo-02/hdl/test_cam_beh.prj work.test_cam work.glbl 
ISim P.20131013 (signature 0x7708f090)
Number of CPUs detected in this system: 4
Turning on mult-threading, number of parallel sub-compilation jobs: 8 
Determining compilation order of HDL files
Analyzing Verilog file "C:/Users/USER PC/Trabajo/David/Repositorios/work02-captura-datos-0v7670-grupo-02/hdl/src/VGA_driver.v" into library work
Analyzing Verilog file "C:/Users/USER PC/Trabajo/David/Repositorios/work02-captura-datos-0v7670-grupo-02/hdl/src/PLL/clk_32MHZ_to_25M_24M.v" into library work
Analyzing Verilog file "C:/Users/USER PC/Trabajo/David/Repositorios/work02-captura-datos-0v7670-grupo-02/hdl/src/buffer_ram_dp.v" into library work
Analyzing Verilog file "C:/Users/USER PC/Trabajo/David/Repositorios/work02-captura-datos-0v7670-grupo-02/hdl/src/test_cam.v" into library work
Analyzing Verilog file "C:/Xilinx/14.7/ISE_DS/ISE//verilog/src/glbl.v" into library work
Starting static elaboration
WARNING:HDLCompiler:1016 - "C:/Users/USER PC/Trabajo/David/Repositorios/work02-captura-datos-0v7670-grupo-02/hdl/src/test_cam.v" Line 102: Port LOCKED is not connected to this instance
Completed static elaboration
Compiling module BUFG
Compiling module PLL_ADV(BANDWIDTH="OPTIMIZED",CL...
Compiling module PLL_BASE(CLKFBOUT_MULT=25,CLKIN_...
Compiling module clk_32MHZ_to_25M_24M
Compiling module buffer_ram_dp(AW=15,DW=8)
Compiling module VGA_Driver640x480_default
Compiling module test_cam
Compiling module glbl
Time Resolution for simulation is 1ps.
Waiting for 1 sub-compilation(s) to finish...
Compiled 8 Verilog Units
Built simulation executable C:/Users/USER PC/Trabajo/David/Repositorios/work02-captura-datos-0v7670-grupo-02/hdl/test_cam_isim_beh.exe
Fuse Memory Usage: 40724 KB
Fuse CPU Usage: 2109 ms
